<?xml version="1.0" encoding="UTF-8"?>
<testng-results ignored="0" total="1" passed="1" failed="0" skipped="0">
  <reporter-output>
  </reporter-output>
  <suite started-at="2021-09-15T01:42:12 EDT" name="Suite" finished-at="2021-09-15T01:42:15 EDT" duration-ms="3678">
    <groups>
      <group name="cucumber">
        <method signature="AbstractTestNGCucumberTests.runScenario(io.cucumber.testng.PickleWrapper,io.cucumber.testng.FeatureWrapper)[pri:0, instance:com.http.method.cucumber.Runner@16a0ee18]" name="runScenario" class="io.cucumber.testng.AbstractTestNGCucumberTests"/>
      </group> <!-- cucumber -->
    </groups>
    <test started-at="2021-09-15T01:42:12 EDT" name="Test" finished-at="2021-09-15T01:42:15 EDT" duration-ms="3678">
      <class name="com.http.method.cucumber.Runner">
        <test-method is-config="true" signature="setUpClass()[pri:0, instance:com.http.method.cucumber.Runner@16a0ee18]" started-at="2021-09-15T01:42:12 EDT" name="setUpClass" finished-at="2021-09-15T01:42:12 EDT" duration-ms="332" status="PASS">
          <reporter-output>
          </reporter-output>
        </test-method> <!-- setUpClass -->
        <test-method signature="runScenario(io.cucumber.testng.PickleWrapper,io.cucumber.testng.FeatureWrapper)[pri:0, instance:com.http.method.cucumber.Runner@16a0ee18]" started-at="2021-09-15T01:42:12 EDT" name="runScenario" description="Runs Cucumber Scenarios" data-provider="scenarios" finished-at="2021-09-15T01:42:14 EDT" duration-ms="1637" status="PASS">
          <params>
            <param index="0">
              <value>
                <![CDATA["As an API user, I am trying to practice HTTP Get Method"]]>
              </value>
            </param>
            <param index="1">
              <value>
                <![CDATA["Optional[API Get Method Testing]"]]>
              </value>
            </param>
          </params>
          <reporter-output>
          </reporter-output>
        </test-method> <!-- runScenario -->
        <test-method is-config="true" signature="tearDownClass()[pri:0, instance:com.http.method.cucumber.Runner@16a0ee18]" started-at="2021-09-15T01:42:14 EDT" name="tearDownClass" finished-at="2021-09-15T01:42:15 EDT" duration-ms="1682" status="PASS">
          <reporter-output>
          </reporter-output>
        </test-method> <!-- tearDownClass -->
      </class> <!-- com.http.method.cucumber.Runner -->
    </test> <!-- Test -->
  </suite> <!-- Suite -->
</testng-results>
